0 info it worked if it ends with ok
1 verbose cli [ '/usr/bin/node', '/usr/bin/npm', 'publish' ]
2 info using npm@1.4.28
3 info using node@v0.10.37
4 verbose node symlink /usr/bin/node
5 verbose publish [ '.' ]
6 verbose cache add [ '.', null ]
7 verbose cache add name=undefined spec="." args=[".",null]
8 verbose parsed url { protocol: null,
8 verbose parsed url   slashes: null,
8 verbose parsed url   auth: null,
8 verbose parsed url   host: null,
8 verbose parsed url   port: null,
8 verbose parsed url   hostname: null,
8 verbose parsed url   hash: null,
8 verbose parsed url   search: null,
8 verbose parsed url   query: null,
8 verbose parsed url   pathname: '.',
8 verbose parsed url   path: '.',
8 verbose parsed url   href: '.' }
9 silly lockFile 3a52ce78- .
10 verbose lock . /home/niole/.npm/3a52ce78-.lock
11 verbose tar pack [ '/home/niole/.npm/react-filter-table/1.0.0/package.tgz', '.' ]
12 verbose tarball /home/niole/.npm/react-filter-table/1.0.0/package.tgz
13 verbose folder .
14 info prepublish react-filter-table@1.0.0
15 silly lockFile 1f1177db-tar tar://.
16 verbose lock tar://. /home/niole/.npm/1f1177db-tar.lock
17 silly lockFile 5392eec7-t-filter-table-1-0-0-package-tgz tar:///home/niole/.npm/react-filter-table/1.0.0/package.tgz
18 verbose lock tar:///home/niole/.npm/react-filter-table/1.0.0/package.tgz /home/niole/.npm/5392eec7-t-filter-table-1-0-0-package-tgz.lock
19 silly lockFile 1f1177db-tar tar://.
20 silly lockFile 1f1177db-tar tar://.
21 silly lockFile 5392eec7-t-filter-table-1-0-0-package-tgz tar:///home/niole/.npm/react-filter-table/1.0.0/package.tgz
22 silly lockFile 5392eec7-t-filter-table-1-0-0-package-tgz tar:///home/niole/.npm/react-filter-table/1.0.0/package.tgz
23 silly lockFile 1f4d3a95-react-filter-table-1-0-0-package /home/niole/.npm/react-filter-table/1.0.0/package
24 verbose lock /home/niole/.npm/react-filter-table/1.0.0/package /home/niole/.npm/1f4d3a95-react-filter-table-1-0-0-package.lock
25 silly lockFile 1f4d3a95-react-filter-table-1-0-0-package /home/niole/.npm/react-filter-table/1.0.0/package
26 silly lockFile 1f4d3a95-react-filter-table-1-0-0-package /home/niole/.npm/react-filter-table/1.0.0/package
27 silly lockFile 3a52ce78- .
28 silly lockFile 3a52ce78- .
29 silly publish { name: 'react-filter-table',
29 silly publish   version: '1.0.0',
29 silly publish   description: 'react-filter-table',
29 silly publish   main: './public/Table.jsx',
29 silly publish   scripts: { start: 'node ./bin/www' },
29 silly publish   devDependencies:
29 silly publish    { browserify: '^9.0.8',
29 silly publish      gulp: '^3.8.11',
29 silly publish      'gulp-concat': '^2.5.2',
29 silly publish      'gulp-html-replace': '^1.4.5',
29 silly publish      'gulp-inject': '^1.2.0',
29 silly publish      'gulp-react': '^3.0.1',
29 silly publish      'gulp-streamify': '0.0.5',
29 silly publish      'gulp-uglify': '^1.2.0',
29 silly publish      reactify: '^1.1.0',
29 silly publish      'vinyl-buffer': '^1.0.0',
29 silly publish      'vinyl-source-stream': '^1.1.0',
29 silly publish      watchify: '^3.2.0' },
29 silly publish   dependencies:
29 silly publish    { 'body-parser': '^1.12.3',
29 silly publish      'cookie-parser': '^1.3.4',
29 silly publish      debug: '^2.1.3',
29 silly publish      express: '^4.12.3',
29 silly publish      jade: '^1.9.2',
29 silly publish      morgan: '^1.5.2',
29 silly publish      react: '^0.13.2',
29 silly publish      'serve-favicon': '^2.2.0' },
29 silly publish   readme: 'Table component made with React.js and a slider component from node module react-slider.\n',
29 silly publish   readmeFilename: 'README.md',
29 silly publish   gitHead: '6b6aaee360c534ef63ca7833eadf4ad0e7cecfd0',
29 silly publish   _id: 'react-filter-table@1.0.0',
29 silly publish   _shasum: 'bddaa186bd117541dbb456257870252ac21ea825',
29 silly publish   _from: '.' }
30 verbose request where is /react-filter-table
31 verbose request registry https://registry.npmjs.org/
32 verbose request id ef8fce43696bd68b
33 verbose url raw /react-filter-table
34 verbose url resolving [ 'https://registry.npmjs.org/', './react-filter-table' ]
35 verbose url resolved https://registry.npmjs.org/react-filter-table
36 verbose request where is https://registry.npmjs.org/react-filter-table
37 info trying registry request attempt 1 at 02:17:29
38 http PUT https://registry.npmjs.org/react-filter-table
39 http 403 https://registry.npmjs.org/react-filter-table
40 verbose headers { 'content-type': 'application/json',
40 verbose headers   'cache-control': 'max-age=60',
40 verbose headers   'content-length': '95',
40 verbose headers   'accept-ranges': 'bytes',
40 verbose headers   date: 'Tue, 07 Jul 2015 06:17:30 GMT',
40 verbose headers   via: '1.1 varnish',
40 verbose headers   connection: 'keep-alive',
40 verbose headers   'x-served-by': 'cache-iad2146-IAD',
40 verbose headers   'x-cache': 'MISS',
40 verbose headers   'x-cache-hits': '0',
40 verbose headers   'x-timer': 'S1436249849.697218,VS0,VE1013' }
41 error publish Failed PUT 403
42 error Error: "You cannot publish over the previously published version 1.0.0." : react-filter-table
42 error     at RegClient.<anonymous> (/usr/lib/node_modules/npm/node_modules/npm-registry-client/lib/request.js:308:14)
42 error     at Request._callback (/usr/lib/node_modules/npm/node_modules/npm-registry-client/lib/request.js:246:65)
42 error     at Request.self.callback (/usr/lib/node_modules/npm/node_modules/request/request.js:236:22)
42 error     at Request.emit (events.js:98:17)
42 error     at Request.<anonymous> (/usr/lib/node_modules/npm/node_modules/request/request.js:1142:14)
42 error     at Request.emit (events.js:117:20)
42 error     at IncomingMessage.<anonymous> (/usr/lib/node_modules/npm/node_modules/request/request.js:1096:12)
42 error     at IncomingMessage.emit (events.js:117:20)
42 error     at _stream_readable.js:944:16
42 error     at process._tickCallback (node.js:448:13)
43 error If you need help, you may report this *entire* log,
43 error including the npm and node versions, at:
43 error     <http://github.com/npm/npm/issues>
44 error System Linux 3.13.0-32-generic
45 error command "/usr/bin/node" "/usr/bin/npm" "publish"
46 error cwd /home/niole/code/javascript/react-filter-table
47 error node -v v0.10.37
48 error npm -v 1.4.28
49 verbose exit [ 1, true ]
